<?xml version="1.0" encoding="UTF-8"?>
<!-- Generated by org.testng.reporters.JUnitXMLReporter -->
<testsuite hostname="DESKTOP-NAICKHQ" name="Default test" tests="12" failures="0" timestamp="1 Nov 2020 13:26:37 GMT" time="80.503" errors="0">
  <testcase name="verifyShoppingDetails" time="0.199" classname="testSuitOne.RegisterUser"/>
  <testcase name="register" time="4.881" classname="testSuitOne.RegisterUser"/>
  <testcase name="verifyRegistration" time="0.024" classname="testSuitOne.RegisterUser"/>
  <testcase name="logoutAfterRegistration" time="5.604" classname="testSuitOne.RegisterUser"/>
  <testcase name="verifyloginWithSameCredential" time="3.95" classname="testSuitOne.RegisterUser"/>
  <testcase name="verifyLoginEmailId" time="0.184" classname="testSuitOne.RegisterUser"/>
  <testcase name="clickOnEmail" time="6.075" classname="testSuitOne.RegisterUser"/>
  <testcase name="leftClickOnAddress" time="4.271" classname="testSuitOne.RegisterUser"/>
  <testcase name="addnew" time="5.089" classname="testSuitOne.RegisterUser"/>
  <testcase name="fillTheForm" time="16.938" classname="testSuitOne.RegisterUser"/>
  <testcase name="clickonOrders" time="4.943" classname="testSuitOne.RegisterUser"/>
  <testcase name="verifyOrdersDetails" time="4.094" classname="testSuitOne.RegisterUser"/>
</testsuite> <!-- Default test -->
