<?xml version="1.0" encoding="UTF-8"?>
<!-- Generated by org.testng.reporters.JUnitXMLReporter -->
<testsuite hostname="DESKTOP-NAICKHQ" name="Regression_Test" tests="13" failures="0" timestamp="2 Sep 2020 07:36:53 GMT" time="95.373" errors="0">
  <testcase name="login" time="6.169" classname="testSuitTwo.MakeNewOrders"/>
  <testcase name="clickOnTheBook" time="2.24" classname="testSuitTwo.MakeNewOrders"/>
  <testcase name="VerifySortBooks" time="6.179" classname="testSuitTwo.MakeNewOrders"/>
  <testcase name="addBookToCart" time="9.805" classname="testSuitTwo.MakeNewOrders"/>
  <testcase name="verifyTheShoppingCartUpdateDetails" time="3.381" classname="testSuitTwo.MakeNewOrders"/>
  <testcase name="AddNewBookToCart" time="6.428" classname="testSuitTwo.MakeNewOrders"/>
  <testcase name="verifySecondBookcartUpdate" time="3.112" classname="testSuitTwo.MakeNewOrders"/>
  <testcase name="MouseOverOnShoppingCart" time="5.047" classname="testSuitTwo.MakeNewOrders"/>
  <testcase name="verifyTitleOfTheCart" time="0.031" classname="testSuitTwo.MakeNewOrders"/>
  <testcase name="verifySubtotalAndTotalAmount" time="0.171" classname="testSuitTwo.MakeNewOrders"/>
  <testcase name="clickOnTheCheckOut" time="0.809" classname="testSuitTwo.MakeNewOrders"/>
  <testcase name="verifyPopUpMessage" time="6.124" classname="testSuitTwo.MakeNewOrders"/>
  <testcase name="completeOrder" time="11.268" classname="testSuitTwo.MakeNewOrders"/>
</testsuite> <!-- Regression_Test -->
